2025-11-14 21:03:00,066 - INFO - Found 358 files to inspect
2025-11-14 21:03:00,066 - INFO - Results will be written to: /mnt/Users/heal742/LOCAL/05_NMDC/07_automation/nmdc_mass_spec_automation/studies/example_lcms_lipids/raw_file_info/raw_file_inspection_results.csv
2025-11-14 21:03:00,066 - INFO - Errors will be logged to: /mnt/Users/heal742/LOCAL/05_NMDC/07_automation/nmdc_mass_spec_automation/studies/example_lcms_lipids/raw_file_info/raw_file_inspection_errors.csv
2025-11-14 21:03:00,066 - INFO - CoreMS available: True
2025-11-14 21:16:19,084 - ERROR - Error processing 20201023_JGI-AK_MK_506588_SoilWaterRep_pilot_QE-139_C18_USDAY59430_FPS_MS1_0_InjBL-MeOH_Post_Rg80to1200-CE102040--InjBL-MeOH_Run58.raw after 1 attempts: Mixed polarities detected in scan data
2025-11-14 21:16:19,714 - ERROR - Error processing 20201023_JGI-AK_MK_506588_SoilWaterRep_pilot_QE-139_C18_USDAY59430_FPS_MS1_8-NP_Neg-D59-Ctrl_B_Rg80to1200-CE102040-ctrl-QC-C18QU_Run32.raw after 1 attempts: Mixed polarities detected in scan data
2025-11-14 21:16:20,443 - ERROR - Error processing 20210915_JGI-AK_MK_506588_SoilWaterRep_final_QE-HF_C18_USDAY63680_FPS_MS1_31_S40-D30_A_Rg80to1200-CE102040-soil-InjBL-MeOH_Run19.raw after 1 attempts: Mixed polarities detected in scan data
2025-11-14 21:16:21,082 - ERROR - Error processing 20201023_JGI-AK_MK_506588_SoilWaterRep_pilot_QE-139_C18_USDAY59430_FPS_MS1_0_ISTD_Post_Rg80to1200-CE102040--ISTD_Run55.raw after 1 attempts: Mixed polarities detected in scan data
2025-11-14 21:16:21,727 - ERROR - Error processing 20210915_JGI-AK_MK_506588_SoilWaterRep_final_QE-HF_C18_USDAY63680_FPS_MS1_54_S53-D89_C_Rg80to1200-CE102040-soil-InjBL-MeOH_Run207.raw after 1 attempts: Mixed polarities detected in scan data
2025-11-14 21:16:21,970 - WARNING - Retryable error processing 20210915_JGI-AK_MK_506588_SoilWaterRep_final_QE-HF_C18_USDAY63680_FPS_MS1_26_S32-D89_B_Rg80to1200-CE205060-soil-QC_Run153.raw (attempt 1/11): Error opening (ThermoFisher.CommonCore.RawFileReader.Facade.RawFileLoader) - /mnt/Volumes/LaCie/nmdc_data/kroeger_11_dwsv7q78/raw/20210915_JGI-AK_MK_506588_SoilWaterRep_final_QE-HF_C18_USDAY63680_FPS_MS1_26_S32-D89_B_Rg80to1200-CE205060-soil-QC_Run153.raw
2025-11-14 21:16:21,971 - INFO - Waiting 10.0 seconds before retry...
2025-11-14 21:16:32,127 - WARNING - Retryable error processing 20210915_JGI-AK_MK_506588_SoilWaterRep_final_QE-HF_C18_USDAY63680_FPS_MS1_26_S32-D89_B_Rg80to1200-CE205060-soil-QC_Run153.raw (attempt 2/11): Error opening (ThermoFisher.CommonCore.RawFileReader.Facade.RawFileLoader) - /mnt/Volumes/LaCie/nmdc_data/kroeger_11_dwsv7q78/raw/20210915_JGI-AK_MK_506588_SoilWaterRep_final_QE-HF_C18_USDAY63680_FPS_MS1_26_S32-D89_B_Rg80to1200-CE205060-soil-QC_Run153.raw
2025-11-14 21:16:32,127 - INFO - Waiting 10.0 seconds before retry...
2025-11-14 21:16:42,296 - WARNING - Retryable error processing 20210915_JGI-AK_MK_506588_SoilWaterRep_final_QE-HF_C18_USDAY63680_FPS_MS1_26_S32-D89_B_Rg80to1200-CE205060-soil-QC_Run153.raw (attempt 3/11): Error opening (ThermoFisher.CommonCore.RawFileReader.Facade.RawFileLoader) - /mnt/Volumes/LaCie/nmdc_data/kroeger_11_dwsv7q78/raw/20210915_JGI-AK_MK_506588_SoilWaterRep_final_QE-HF_C18_USDAY63680_FPS_MS1_26_S32-D89_B_Rg80to1200-CE205060-soil-QC_Run153.raw
2025-11-14 21:16:42,296 - INFO - Waiting 10.0 seconds before retry...
2025-11-14 21:16:52,458 - WARNING - Retryable error processing 20210915_JGI-AK_MK_506588_SoilWaterRep_final_QE-HF_C18_USDAY63680_FPS_MS1_26_S32-D89_B_Rg80to1200-CE205060-soil-QC_Run153.raw (attempt 4/11): Error opening (ThermoFisher.CommonCore.RawFileReader.Facade.RawFileLoader) - /mnt/Volumes/LaCie/nmdc_data/kroeger_11_dwsv7q78/raw/20210915_JGI-AK_MK_506588_SoilWaterRep_final_QE-HF_C18_USDAY63680_FPS_MS1_26_S32-D89_B_Rg80to1200-CE205060-soil-QC_Run153.raw
2025-11-14 21:16:52,459 - INFO - Waiting 10.0 seconds before retry...
2025-11-14 21:17:02,645 - WARNING - Retryable error processing 20210915_JGI-AK_MK_506588_SoilWaterRep_final_QE-HF_C18_USDAY63680_FPS_MS1_26_S32-D89_B_Rg80to1200-CE205060-soil-QC_Run153.raw (attempt 5/11): Error opening (ThermoFisher.CommonCore.RawFileReader.Facade.RawFileLoader) - /mnt/Volumes/LaCie/nmdc_data/kroeger_11_dwsv7q78/raw/20210915_JGI-AK_MK_506588_SoilWaterRep_final_QE-HF_C18_USDAY63680_FPS_MS1_26_S32-D89_B_Rg80to1200-CE205060-soil-QC_Run153.raw
2025-11-14 21:17:02,646 - INFO - Waiting 10.0 seconds before retry...
2025-11-14 21:17:12,798 - WARNING - Retryable error processing 20210915_JGI-AK_MK_506588_SoilWaterRep_final_QE-HF_C18_USDAY63680_FPS_MS1_26_S32-D89_B_Rg80to1200-CE205060-soil-QC_Run153.raw (attempt 6/11): Error opening (ThermoFisher.CommonCore.RawFileReader.Facade.RawFileLoader) - /mnt/Volumes/LaCie/nmdc_data/kroeger_11_dwsv7q78/raw/20210915_JGI-AK_MK_506588_SoilWaterRep_final_QE-HF_C18_USDAY63680_FPS_MS1_26_S32-D89_B_Rg80to1200-CE205060-soil-QC_Run153.raw
2025-11-14 21:17:12,799 - INFO - Waiting 10.0 seconds before retry...
2025-11-14 21:17:23,042 - WARNING - Retryable error processing 20210915_JGI-AK_MK_506588_SoilWaterRep_final_QE-HF_C18_USDAY63680_FPS_MS1_26_S32-D89_B_Rg80to1200-CE205060-soil-QC_Run153.raw (attempt 7/11): Error opening (ThermoFisher.CommonCore.RawFileReader.Facade.RawFileLoader) - /mnt/Volumes/LaCie/nmdc_data/kroeger_11_dwsv7q78/raw/20210915_JGI-AK_MK_506588_SoilWaterRep_final_QE-HF_C18_USDAY63680_FPS_MS1_26_S32-D89_B_Rg80to1200-CE205060-soil-QC_Run153.raw
2025-11-14 21:17:23,042 - INFO - Waiting 10.0 seconds before retry...
2025-11-14 21:17:33,181 - WARNING - Retryable error processing 20210915_JGI-AK_MK_506588_SoilWaterRep_final_QE-HF_C18_USDAY63680_FPS_MS1_26_S32-D89_B_Rg80to1200-CE205060-soil-QC_Run153.raw (attempt 8/11): Error opening (ThermoFisher.CommonCore.RawFileReader.Facade.RawFileLoader) - /mnt/Volumes/LaCie/nmdc_data/kroeger_11_dwsv7q78/raw/20210915_JGI-AK_MK_506588_SoilWaterRep_final_QE-HF_C18_USDAY63680_FPS_MS1_26_S32-D89_B_Rg80to1200-CE205060-soil-QC_Run153.raw
2025-11-14 21:17:33,181 - INFO - Waiting 10.0 seconds before retry...
2025-11-14 21:17:43,229 - WARNING - Retryable error processing 20210915_JGI-AK_MK_506588_SoilWaterRep_final_QE-HF_C18_USDAY63680_FPS_MS1_26_S32-D89_B_Rg80to1200-CE205060-soil-QC_Run153.raw (attempt 9/11): Error opening (ThermoFisher.CommonCore.RawFileReader.Facade.RawFileLoader) - /mnt/Volumes/LaCie/nmdc_data/kroeger_11_dwsv7q78/raw/20210915_JGI-AK_MK_506588_SoilWaterRep_final_QE-HF_C18_USDAY63680_FPS_MS1_26_S32-D89_B_Rg80to1200-CE205060-soil-QC_Run153.raw
2025-11-14 21:17:43,229 - INFO - Waiting 10.0 seconds before retry...
2025-11-14 21:17:53,277 - WARNING - Retryable error processing 20210915_JGI-AK_MK_506588_SoilWaterRep_final_QE-HF_C18_USDAY63680_FPS_MS1_26_S32-D89_B_Rg80to1200-CE205060-soil-QC_Run153.raw (attempt 10/11): Error opening (ThermoFisher.CommonCore.RawFileReader.Facade.RawFileLoader) - /mnt/Volumes/LaCie/nmdc_data/kroeger_11_dwsv7q78/raw/20210915_JGI-AK_MK_506588_SoilWaterRep_final_QE-HF_C18_USDAY63680_FPS_MS1_26_S32-D89_B_Rg80to1200-CE205060-soil-QC_Run153.raw
2025-11-14 21:17:53,278 - INFO - Waiting 10.0 seconds before retry...
2025-11-14 21:18:03,324 - ERROR - Error processing 20210915_JGI-AK_MK_506588_SoilWaterRep_final_QE-HF_C18_USDAY63680_FPS_MS1_26_S32-D89_B_Rg80to1200-CE205060-soil-QC_Run153.raw after 11 attempts: Error opening (ThermoFisher.CommonCore.RawFileReader.Facade.RawFileLoader) - /mnt/Volumes/LaCie/nmdc_data/kroeger_11_dwsv7q78/raw/20210915_JGI-AK_MK_506588_SoilWaterRep_final_QE-HF_C18_USDAY63680_FPS_MS1_26_S32-D89_B_Rg80to1200-CE205060-soil-QC_Run153.raw
2025-11-14 21:18:03,325 - INFO - Inspection complete!
2025-11-14 21:18:03,325 - INFO - Successfully processed: 352 files
2025-11-14 21:18:03,325 - INFO - Failed to process: 6 files
2025-11-14 21:18:03,325 - INFO - Results saved to: /mnt/Users/heal742/LOCAL/05_NMDC/07_automation/nmdc_mass_spec_automation/studies/example_lcms_lipids/raw_file_info/raw_file_inspection_results.csv
2025-11-14 21:18:03,326 - INFO - Error details saved to: /mnt/Users/heal742/LOCAL/05_NMDC/07_automation/nmdc_mass_spec_automation/studies/example_lcms_lipids/raw_file_info/raw_file_inspection_errors.csv
2025-11-14 21:18:03,326 - INFO - Processing log saved to: /mnt/Users/heal742/LOCAL/05_NMDC/07_automation/nmdc_mass_spec_automation/studies/example_lcms_lipids/raw_file_info/raw_inspection_log.log
